mode: count
github.com/FrostJ143/simplebank/internal/api/account.go:16.55,19.16 3 0
github.com/FrostJ143/simplebank/internal/api/account.go:19.16,22.3 2 0
github.com/FrostJ143/simplebank/internal/api/account.go:24.2,31.16 3 0
github.com/FrostJ143/simplebank/internal/api/account.go:31.16,34.3 2 0
github.com/FrostJ143/simplebank/internal/api/account.go:36.2,36.34 1 0
github.com/FrostJ143/simplebank/internal/api/account.go:43.52,46.16 3 4
github.com/FrostJ143/simplebank/internal/api/account.go:46.16,49.3 2 1
github.com/FrostJ143/simplebank/internal/api/account.go:51.2,52.16 2 3
github.com/FrostJ143/simplebank/internal/api/account.go:52.16,53.27 1 2
github.com/FrostJ143/simplebank/internal/api/account.go:53.27,56.4 2 1
github.com/FrostJ143/simplebank/internal/api/account.go:58.3,59.9 2 1
github.com/FrostJ143/simplebank/internal/api/account.go:62.2,62.34 1 1
github.com/FrostJ143/simplebank/internal/api/account.go:70.54,73.16 3 0
github.com/FrostJ143/simplebank/internal/api/account.go:73.16,75.3 1 0
github.com/FrostJ143/simplebank/internal/api/account.go:77.2,83.16 3 0
github.com/FrostJ143/simplebank/internal/api/account.go:83.16,85.3 1 0
github.com/FrostJ143/simplebank/internal/api/account.go:87.2,87.35 1 0
github.com/FrostJ143/simplebank/internal/api/account.go:103.55,108.16 4 0
github.com/FrostJ143/simplebank/internal/api/account.go:108.16,111.3 2 0
github.com/FrostJ143/simplebank/internal/api/account.go:113.2,114.16 2 0
github.com/FrostJ143/simplebank/internal/api/account.go:114.16,117.3 2 0
github.com/FrostJ143/simplebank/internal/api/account.go:119.2,130.16 4 0
github.com/FrostJ143/simplebank/internal/api/account.go:130.16,131.27 1 0
github.com/FrostJ143/simplebank/internal/api/account.go:131.27,134.4 2 0
github.com/FrostJ143/simplebank/internal/api/account.go:136.3,136.61 1 0
github.com/FrostJ143/simplebank/internal/api/account.go:139.2,139.34 1 0
github.com/FrostJ143/simplebank/internal/api/account.go:146.55,149.16 3 0
github.com/FrostJ143/simplebank/internal/api/account.go:149.16,152.3 2 0
github.com/FrostJ143/simplebank/internal/api/account.go:154.2,155.16 2 0
github.com/FrostJ143/simplebank/internal/api/account.go:155.16,158.3 2 0
github.com/FrostJ143/simplebank/internal/api/account.go:160.2,160.63 1 0
github.com/FrostJ143/simplebank/internal/api/server.go:13.43,25.2 9 4
github.com/FrostJ143/simplebank/internal/api/server.go:27.51,29.2 1 0
github.com/FrostJ143/simplebank/internal/api/server.go:31.35,33.2 1 3
